2024/11/05 12:23:45 [notice] 1#1: using the "epoll" event method
2024/11/05 12:23:45 [notice] 1#1: nginx/1.27.2
2024/11/05 12:23:45 [notice] 1#1: built by gcc 12.2.0 (Debian 12.2.0-14) 
2024/11/05 12:23:45 [notice] 1#1: OS: Linux 5.15.153.1-microsoft-standard-WSL2
2024/11/05 12:23:45 [notice] 1#1: getrlimit(RLIMIT_NOFILE): 1048576:1048576
2024/11/05 12:23:45 [notice] 1#1: start worker processes
2024/11/05 12:23:45 [notice] 1#1: start worker process 28
2024/11/05 12:23:45 [notice] 1#1: start worker process 29
2024/11/05 12:23:45 [notice] 1#1: start worker process 30
2024/11/05 12:23:45 [notice] 1#1: start worker process 31
2024/11/05 12:23:45 [notice] 1#1: start worker process 32
2024/11/05 12:23:45 [notice] 1#1: start worker process 33
2024/11/05 12:23:45 [notice] 1#1: start worker process 34
2024/11/05 12:23:45 [notice] 1#1: start worker process 35
2024/11/05 12:23:45 [notice] 1#1: start worker process 36
2024/11/05 12:23:45 [notice] 1#1: start worker process 37
2024/11/05 12:23:45 [notice] 1#1: start worker process 38
2024/11/05 12:23:45 [notice] 1#1: start worker process 39
2024/11/05 12:23:45 [notice] 1#1: start worker process 40
2024/11/05 12:23:45 [notice] 1#1: start worker process 41
2024/11/05 12:23:45 [notice] 1#1: start worker process 42
2024/11/05 12:23:45 [notice] 1#1: start worker process 43
2024/11/05 12:23:45 [notice] 1#1: start worker process 44
2024/11/05 12:23:45 [notice] 1#1: start worker process 45
2024/11/05 12:23:45 [notice] 1#1: start worker process 46
2024/11/05 12:23:45 [notice] 1#1: start worker process 47
2024/11/05 12:23:49 [error] 29#29: *1 open() "/var/www/html/favicon.ico" failed (2: No such file or directory), client: 172.18.0.1, server: , request: "GET /favicon.ico HTTP/1.1", host: "localhost:8080", referrer: "http://localhost:8080/"
2024/11/05 12:23:52 [error] 29#29: *1 "/var/www/html/js/index.php" is not found (2: No such file or directory), client: 172.18.0.1, server: , request: "GET /js/ HTTP/1.1", host: "localhost:8080"
2024/11/05 12:24:26 [error] 29#29: *1 "/var/www/html/js/index.php" is not found (2: No such file or directory), client: 172.18.0.1, server: , request: "GET /js/ HTTP/1.1", host: "localhost:8080"
2024/11/05 12:24:32 [error] 29#29: *1 open() "/var/www/html/js/countdown.js" failed (2: No such file or directory), client: 172.18.0.1, server: , request: "GET /js/countdown.js HTTP/1.1", host: "localhost:8080"
2024/11/05 12:24:33 [error] 29#29: *1 open() "/var/www/html/js/countdown.js" failed (2: No such file or directory), client: 172.18.0.1, server: , request: "GET /js/countdown.js HTTP/1.1", host: "localhost:8080"
2024/11/05 12:24:33 [error] 29#29: *1 open() "/var/www/html/js/countdown.js" failed (2: No such file or directory), client: 172.18.0.1, server: , request: "GET /js/countdown.js HTTP/1.1", host: "localhost:8080"
2024/11/05 12:24:33 [error] 29#29: *1 open() "/var/www/html/js/countdown.js" failed (2: No such file or directory), client: 172.18.0.1, server: , request: "GET /js/countdown.js HTTP/1.1", host: "localhost:8080"
2024/11/05 12:24:35 [notice] 1#1: signal 3 (SIGQUIT) received, shutting down
2024/11/05 12:24:35 [notice] 29#29: gracefully shutting down
2024/11/05 12:24:35 [notice] 43#43: gracefully shutting down
2024/11/05 12:24:35 [notice] 31#31: gracefully shutting down
2024/11/05 12:24:35 [notice] 31#31: exiting
2024/11/05 12:24:35 [notice] 30#30: gracefully shutting down
2024/11/05 12:24:35 [notice] 28#28: gracefully shutting down
2024/11/05 12:24:35 [notice] 32#32: gracefully shutting down
2024/11/05 12:24:35 [notice] 33#33: gracefully shutting down
2024/11/05 12:24:35 [notice] 34#34: gracefully shutting down
2024/11/05 12:24:35 [notice] 36#36: gracefully shutting down
2024/11/05 12:24:35 [notice] 35#35: gracefully shutting down
2024/11/05 12:24:35 [notice] 37#37: gracefully shutting down
2024/11/05 12:24:35 [notice] 40#40: gracefully shutting down
2024/11/05 12:24:35 [notice] 40#40: exiting
2024/11/05 12:24:35 [notice] 38#38: gracefully shutting down
2024/11/05 12:24:35 [notice] 39#39: gracefully shutting down
2024/11/05 12:24:35 [notice] 41#41: gracefully shutting down
2024/11/05 12:24:35 [notice] 42#42: gracefully shutting down
2024/11/05 12:24:35 [notice] 44#44: gracefully shutting down
2024/11/05 12:24:35 [notice] 45#45: gracefully shutting down
2024/11/05 12:24:35 [notice] 46#46: gracefully shutting down
2024/11/05 12:24:35 [notice] 47#47: gracefully shutting down
2024/11/05 12:24:35 [notice] 29#29: exiting
2024/11/05 12:24:35 [notice] 43#43: exiting
2024/11/05 12:24:35 [notice] 31#31: exit
2024/11/05 12:24:35 [notice] 30#30: exiting
2024/11/05 12:24:35 [notice] 28#28: exiting
2024/11/05 12:24:35 [notice] 32#32: exiting
2024/11/05 12:24:35 [notice] 33#33: exiting
2024/11/05 12:24:35 [notice] 34#34: exiting
2024/11/05 12:24:35 [notice] 36#36: exiting
2024/11/05 12:24:35 [notice] 35#35: exiting
2024/11/05 12:24:35 [notice] 37#37: exiting
2024/11/05 12:24:35 [notice] 40#40: exit
2024/11/05 12:24:35 [notice] 35#35: exit
2024/11/05 12:24:35 [notice] 38#38: exiting
2024/11/05 12:24:35 [notice] 39#39: exiting
2024/11/05 12:24:35 [notice] 41#41: exiting
2024/11/05 12:24:35 [notice] 42#42: exiting
2024/11/05 12:24:35 [notice] 44#44: exiting
2024/11/05 12:24:35 [notice] 45#45: exiting
2024/11/05 12:24:35 [notice] 46#46: exiting
2024/11/05 12:24:35 [notice] 47#47: exiting
2024/11/05 12:24:35 [notice] 29#29: exit
2024/11/05 12:24:35 [notice] 43#43: exit
2024/11/05 12:24:35 [notice] 30#30: exit
2024/11/05 12:24:35 [notice] 32#32: exit
2024/11/05 12:24:35 [notice] 28#28: exit
2024/11/05 12:24:35 [notice] 33#33: exit
2024/11/05 12:24:35 [notice] 34#34: exit
2024/11/05 12:24:35 [notice] 36#36: exit
2024/11/05 12:24:35 [notice] 37#37: exit
2024/11/05 12:24:35 [notice] 38#38: exit
2024/11/05 12:24:35 [notice] 39#39: exit
2024/11/05 12:24:35 [notice] 41#41: exit
2024/11/05 12:24:35 [notice] 42#42: exit
2024/11/05 12:24:35 [notice] 44#44: exit
2024/11/05 12:24:35 [notice] 45#45: exit
2024/11/05 12:24:35 [notice] 46#46: exit
2024/11/05 12:24:35 [notice] 47#47: exit
2024/11/05 12:24:35 [notice] 1#1: signal 17 (SIGCHLD) received from 29
2024/11/05 12:24:35 [notice] 1#1: worker process 28 exited with code 0
2024/11/05 12:24:35 [notice] 1#1: worker process 29 exited with code 0
2024/11/05 12:24:35 [notice] 1#1: worker process 30 exited with code 0
2024/11/05 12:24:35 [notice] 1#1: worker process 31 exited with code 0
2024/11/05 12:24:35 [notice] 1#1: worker process 32 exited with code 0
2024/11/05 12:24:35 [notice] 1#1: worker process 33 exited with code 0
2024/11/05 12:24:35 [notice] 1#1: worker process 34 exited with code 0
2024/11/05 12:24:35 [notice] 1#1: worker process 35 exited with code 0
2024/11/05 12:24:35 [notice] 1#1: worker process 36 exited with code 0
2024/11/05 12:24:35 [notice] 1#1: worker process 37 exited with code 0
2024/11/05 12:24:35 [notice] 1#1: worker process 38 exited with code 0
2024/11/05 12:24:35 [notice] 1#1: worker process 39 exited with code 0
2024/11/05 12:24:35 [notice] 1#1: worker process 40 exited with code 0
2024/11/05 12:24:35 [notice] 1#1: worker process 41 exited with code 0
2024/11/05 12:24:35 [notice] 1#1: worker process 42 exited with code 0
2024/11/05 12:24:35 [notice] 1#1: worker process 43 exited with code 0
2024/11/05 12:24:35 [notice] 1#1: worker process 44 exited with code 0
2024/11/05 12:24:35 [notice] 1#1: worker process 45 exited with code 0
2024/11/05 12:24:35 [notice] 1#1: worker process 46 exited with code 0
2024/11/05 12:24:35 [notice] 1#1: signal 29 (SIGIO) received
2024/11/05 12:24:35 [notice] 1#1: signal 17 (SIGCHLD) received from 44
2024/11/05 12:24:35 [notice] 1#1: signal 17 (SIGCHLD) received from 47
2024/11/05 12:24:35 [notice] 1#1: worker process 47 exited with code 0
2024/11/05 12:24:35 [notice] 1#1: exit
2024/11/05 12:24:38 [notice] 1#1: using the "epoll" event method
2024/11/05 12:24:38 [notice] 1#1: nginx/1.27.2
2024/11/05 12:24:38 [notice] 1#1: built by gcc 12.2.0 (Debian 12.2.0-14) 
2024/11/05 12:24:38 [notice] 1#1: OS: Linux 5.15.153.1-microsoft-standard-WSL2
2024/11/05 12:24:38 [notice] 1#1: getrlimit(RLIMIT_NOFILE): 1048576:1048576
2024/11/05 12:24:38 [notice] 1#1: start worker processes
2024/11/05 12:24:38 [notice] 1#1: start worker process 28
2024/11/05 12:24:38 [notice] 1#1: start worker process 29
2024/11/05 12:24:38 [notice] 1#1: start worker process 30
2024/11/05 12:24:38 [notice] 1#1: start worker process 31
2024/11/05 12:24:38 [error] 28#28: *1 open() "/var/www/html/js/countdown.js" failed (2: No such file or directory), client: 172.18.0.1, server: , request: "GET /js/countdown.js HTTP/1.1", host: "localhost:8080"
2024/11/05 12:24:38 [notice] 1#1: start worker process 32
2024/11/05 12:24:38 [notice] 1#1: start worker process 33
2024/11/05 12:24:38 [notice] 1#1: start worker process 34
2024/11/05 12:24:38 [notice] 1#1: start worker process 35
2024/11/05 12:24:38 [notice] 1#1: start worker process 36
2024/11/05 12:24:38 [notice] 1#1: start worker process 37
2024/11/05 12:24:38 [notice] 1#1: start worker process 38
2024/11/05 12:24:38 [notice] 1#1: start worker process 39
2024/11/05 12:24:38 [notice] 1#1: start worker process 40
2024/11/05 12:24:38 [notice] 1#1: start worker process 41
2024/11/05 12:24:38 [notice] 1#1: start worker process 42
2024/11/05 12:24:38 [notice] 1#1: start worker process 43
2024/11/05 12:24:38 [notice] 1#1: start worker process 44
2024/11/05 12:24:38 [notice] 1#1: start worker process 45
2024/11/05 12:24:38 [notice] 1#1: start worker process 46
2024/11/05 12:24:38 [notice] 1#1: start worker process 47
2024/11/05 12:24:39 [error] 28#28: *1 open() "/var/www/html/js/countdown.js" failed (2: No such file or directory), client: 172.18.0.1, server: , request: "GET /js/countdown.js HTTP/1.1", host: "localhost:8080"
2024/11/05 12:24:52 [error] 28#28: *1 open() "/var/www/html/js/navbar.js" failed (2: No such file or directory), client: 172.18.0.1, server: , request: "GET /js/navbar.js HTTP/1.1", host: "localhost:8080"
2024/11/05 12:24:53 [error] 28#28: *1 open() "/var/www/html/js/navbar.js" failed (2: No such file or directory), client: 172.18.0.1, server: , request: "GET /js/navbar.js HTTP/1.1", host: "localhost:8080"
2024/11/05 12:24:53 [error] 28#28: *1 open() "/var/www/html/js/navbar.js" failed (2: No such file or directory), client: 172.18.0.1, server: , request: "GET /js/navbar.js HTTP/1.1", host: "localhost:8080"
2024/11/05 12:24:53 [error] 28#28: *1 open() "/var/www/html/js/navbar.js" failed (2: No such file or directory), client: 172.18.0.1, server: , request: "GET /js/navbar.js HTTP/1.1", host: "localhost:8080"
2024/11/05 12:25:36 [notice] 1#1: signal 3 (SIGQUIT) received, shutting down
2024/11/05 12:25:36 [notice] 28#28: gracefully shutting down
2024/11/05 12:25:36 [notice] 40#40: gracefully shutting down
2024/11/05 12:25:36 [notice] 29#29: gracefully shutting down
2024/11/05 12:25:36 [notice] 31#31: gracefully shutting down
2024/11/05 12:25:36 [notice] 33#33: gracefully shutting down
2024/11/05 12:25:36 [notice] 32#32: gracefully shutting down
2024/11/05 12:25:36 [notice] 30#30: gracefully shutting down
2024/11/05 12:25:36 [notice] 36#36: gracefully shutting down
2024/11/05 12:25:36 [notice] 30#30: exiting
2024/11/05 12:25:36 [notice] 35#35: gracefully shutting down
2024/11/05 12:25:36 [notice] 39#39: gracefully shutting down
2024/11/05 12:25:36 [notice] 38#38: gracefully shutting down
2024/11/05 12:25:36 [notice] 37#37: gracefully shutting down
2024/11/05 12:25:36 [notice] 34#34: gracefully shutting down
2024/11/05 12:25:36 [notice] 41#41: gracefully shutting down
2024/11/05 12:25:36 [notice] 42#42: gracefully shutting down
2024/11/05 12:25:36 [notice] 43#43: gracefully shutting down
2024/11/05 12:25:36 [notice] 44#44: gracefully shutting down
2024/11/05 12:25:36 [notice] 46#46: gracefully shutting down
2024/11/05 12:25:36 [notice] 45#45: gracefully shutting down
2024/11/05 12:25:36 [notice] 28#28: exiting
2024/11/05 12:25:36 [notice] 40#40: exiting
2024/11/05 12:25:36 [notice] 47#47: gracefully shutting down
2024/11/05 12:25:36 [notice] 29#29: exiting
2024/11/05 12:25:36 [notice] 31#31: exiting
2024/11/05 12:25:36 [notice] 33#33: exiting
2024/11/05 12:25:36 [notice] 32#32: exiting
2024/11/05 12:25:36 [notice] 36#36: exiting
2024/11/05 12:25:36 [notice] 30#30: exit
2024/11/05 12:25:36 [notice] 35#35: exiting
2024/11/05 12:25:36 [notice] 39#39: exiting
2024/11/05 12:25:36 [notice] 38#38: exiting
2024/11/05 12:25:36 [notice] 37#37: exiting
2024/11/05 12:25:36 [notice] 34#34: exiting
2024/11/05 12:25:36 [notice] 41#41: exiting
2024/11/05 12:25:36 [notice] 42#42: exiting
2024/11/05 12:25:36 [notice] 43#43: exiting
2024/11/05 12:25:36 [notice] 44#44: exiting
2024/11/05 12:25:36 [notice] 46#46: exiting
2024/11/05 12:25:36 [notice] 45#45: exiting
2024/11/05 12:25:36 [notice] 28#28: exit
2024/11/05 12:25:36 [notice] 40#40: exit
2024/11/05 12:25:36 [notice] 47#47: exiting
2024/11/05 12:25:36 [notice] 29#29: exit
2024/11/05 12:25:36 [notice] 31#31: exit
2024/11/05 12:25:36 [notice] 33#33: exit
2024/11/05 12:25:36 [notice] 32#32: exit
2024/11/05 12:25:36 [notice] 36#36: exit
2024/11/05 12:25:36 [notice] 35#35: exit
2024/11/05 12:25:36 [notice] 39#39: exit
2024/11/05 12:25:36 [notice] 38#38: exit
2024/11/05 12:25:36 [notice] 37#37: exit
2024/11/05 12:25:36 [notice] 34#34: exit
2024/11/05 12:25:36 [notice] 41#41: exit
2024/11/05 12:25:36 [notice] 42#42: exit
2024/11/05 12:25:36 [notice] 43#43: exit
2024/11/05 12:25:36 [notice] 44#44: exit
2024/11/05 12:25:36 [notice] 46#46: exit
2024/11/05 12:25:36 [notice] 45#45: exit
2024/11/05 12:25:36 [notice] 47#47: exit
2024/11/05 12:25:36 [notice] 1#1: signal 17 (SIGCHLD) received from 38
2024/11/05 12:25:36 [notice] 1#1: worker process 31 exited with code 0
2024/11/05 12:25:36 [notice] 1#1: worker process 33 exited with code 0
2024/11/05 12:25:36 [notice] 1#1: worker process 34 exited with code 0
2024/11/05 12:25:36 [notice] 1#1: worker process 37 exited with code 0
2024/11/05 12:25:36 [notice] 1#1: worker process 38 exited with code 0
2024/11/05 12:25:36 [notice] 1#1: worker process 40 exited with code 0
2024/11/05 12:25:36 [notice] 1#1: worker process 41 exited with code 0
2024/11/05 12:25:36 [notice] 1#1: worker process 43 exited with code 0
2024/11/05 12:25:36 [notice] 1#1: signal 29 (SIGIO) received
2024/11/05 12:25:36 [notice] 1#1: signal 17 (SIGCHLD) received from 41
2024/11/05 12:25:36 [notice] 1#1: signal 17 (SIGCHLD) received from 42
2024/11/05 12:25:36 [notice] 1#1: worker process 29 exited with code 0
2024/11/05 12:25:36 [notice] 1#1: worker process 30 exited with code 0
2024/11/05 12:25:36 [notice] 1#1: worker process 36 exited with code 0
2024/11/05 12:25:36 [notice] 1#1: worker process 39 exited with code 0
2024/11/05 12:25:36 [notice] 1#1: worker process 42 exited with code 0
2024/11/05 12:25:36 [notice] 1#1: worker process 44 exited with code 0
2024/11/05 12:25:36 [notice] 1#1: worker process 45 exited with code 0
2024/11/05 12:25:36 [notice] 1#1: worker process 47 exited with code 0
2024/11/05 12:25:36 [notice] 1#1: signal 29 (SIGIO) received
2024/11/05 12:25:36 [notice] 1#1: signal 17 (SIGCHLD) received from 45
2024/11/05 12:25:36 [notice] 1#1: signal 17 (SIGCHLD) received from 35
2024/11/05 12:25:36 [notice] 1#1: worker process 28 exited with code 0
2024/11/05 12:25:36 [notice] 1#1: worker process 35 exited with code 0
2024/11/05 12:25:36 [notice] 1#1: signal 29 (SIGIO) received
2024/11/05 12:25:36 [notice] 1#1: signal 17 (SIGCHLD) received from 46
2024/11/05 12:25:36 [notice] 1#1: worker process 32 exited with code 0
2024/11/05 12:25:36 [notice] 1#1: worker process 46 exited with code 0
2024/11/05 12:25:36 [notice] 1#1: exit
2024/11/05 12:25:55 [notice] 1#1: using the "epoll" event method
2024/11/05 12:25:55 [notice] 1#1: nginx/1.27.2
2024/11/05 12:25:55 [notice] 1#1: built by gcc 12.2.0 (Debian 12.2.0-14) 
2024/11/05 12:25:55 [notice] 1#1: OS: Linux 5.15.153.1-microsoft-standard-WSL2
2024/11/05 12:25:55 [notice] 1#1: getrlimit(RLIMIT_NOFILE): 1048576:1048576
2024/11/05 12:25:55 [notice] 1#1: start worker processes
2024/11/05 12:25:55 [notice] 1#1: start worker process 28
2024/11/05 12:25:55 [notice] 1#1: start worker process 29
2024/11/05 12:25:55 [notice] 1#1: start worker process 30
2024/11/05 12:25:55 [notice] 1#1: start worker process 31
2024/11/05 12:25:55 [notice] 1#1: start worker process 32
2024/11/05 12:25:55 [notice] 1#1: start worker process 33
2024/11/05 12:25:55 [notice] 1#1: start worker process 34
2024/11/05 12:25:55 [notice] 1#1: start worker process 35
2024/11/05 12:25:55 [notice] 1#1: start worker process 36
2024/11/05 12:25:55 [notice] 1#1: start worker process 37
2024/11/05 12:25:55 [notice] 1#1: start worker process 38
2024/11/05 12:25:55 [notice] 1#1: start worker process 39
2024/11/05 12:25:55 [notice] 1#1: start worker process 40
2024/11/05 12:25:55 [notice] 1#1: start worker process 41
2024/11/05 12:25:55 [notice] 1#1: start worker process 42
2024/11/05 12:25:55 [notice] 1#1: start worker process 43
2024/11/05 12:25:55 [notice] 1#1: start worker process 44
2024/11/05 12:25:55 [notice] 1#1: start worker process 45
2024/11/05 12:25:55 [notice] 1#1: start worker process 46
2024/11/05 12:25:55 [notice] 1#1: start worker process 47
2024/11/05 12:26:17 [error] 28#28: *1 open() "/var/www/html/img/jackie.webp" failed (2: No such file or directory), client: 172.18.0.1, server: , request: "GET /img/jackie.webp HTTP/1.1", host: "localhost:8080", referrer: "http://localhost:8080/"
2024/11/05 12:26:57 [notice] 1#1: signal 3 (SIGQUIT) received, shutting down
2024/11/05 12:26:57 [notice] 28#28: gracefully shutting down
2024/11/05 12:26:57 [notice] 47#47: gracefully shutting down
2024/11/05 12:26:57 [notice] 29#29: gracefully shutting down
2024/11/05 12:26:57 [notice] 30#30: gracefully shutting down
2024/11/05 12:26:57 [notice] 31#31: gracefully shutting down
2024/11/05 12:26:57 [notice] 33#33: gracefully shutting down
2024/11/05 12:26:57 [notice] 34#34: gracefully shutting down
2024/11/05 12:26:57 [notice] 35#35: gracefully shutting down
2024/11/05 12:26:57 [notice] 37#37: gracefully shutting down
2024/11/05 12:26:57 [notice] 39#39: gracefully shutting down
2024/11/05 12:26:57 [notice] 40#40: gracefully shutting down
2024/11/05 12:26:57 [notice] 42#42: gracefully shutting down
2024/11/05 12:26:57 [notice] 45#45: gracefully shutting down
2024/11/05 12:26:57 [notice] 46#46: gracefully shutting down
2024/11/05 12:26:57 [notice] 44#44: gracefully shutting down
2024/11/05 12:26:57 [notice] 43#43: gracefully shutting down
2024/11/05 12:26:57 [notice] 38#38: gracefully shutting down
2024/11/05 12:26:57 [notice] 36#36: gracefully shutting down
2024/11/05 12:26:57 [notice] 41#41: gracefully shutting down
2024/11/05 12:26:57 [notice] 32#32: gracefully shutting down
2024/11/05 12:26:57 [notice] 28#28: exiting
2024/11/05 12:26:57 [notice] 47#47: exiting
2024/11/05 12:26:57 [notice] 29#29: exiting
2024/11/05 12:26:57 [notice] 30#30: exiting
2024/11/05 12:26:57 [notice] 31#31: exiting
2024/11/05 12:26:57 [notice] 33#33: exiting
2024/11/05 12:26:57 [notice] 34#34: exiting
2024/11/05 12:26:57 [notice] 35#35: exiting
2024/11/05 12:26:57 [notice] 37#37: exiting
2024/11/05 12:26:57 [notice] 39#39: exiting
2024/11/05 12:26:57 [notice] 40#40: exiting
2024/11/05 12:26:57 [notice] 42#42: exiting
2024/11/05 12:26:57 [notice] 45#45: exiting
2024/11/05 12:26:57 [notice] 46#46: exiting
2024/11/05 12:26:57 [notice] 44#44: exiting
2024/11/05 12:26:57 [notice] 43#43: exiting
2024/11/05 12:26:57 [notice] 38#38: exiting
2024/11/05 12:26:57 [notice] 36#36: exiting
2024/11/05 12:26:57 [notice] 41#41: exiting
2024/11/05 12:26:57 [notice] 32#32: exiting
2024/11/05 12:26:57 [notice] 28#28: exit
2024/11/05 12:26:57 [notice] 47#47: exit
2024/11/05 12:26:57 [notice] 29#29: exit
2024/11/05 12:26:57 [notice] 30#30: exit
2024/11/05 12:26:57 [notice] 31#31: exit
2024/11/05 12:26:57 [notice] 33#33: exit
2024/11/05 12:26:57 [notice] 34#34: exit
2024/11/05 12:26:57 [notice] 35#35: exit
2024/11/05 12:26:57 [notice] 37#37: exit
2024/11/05 12:26:57 [notice] 39#39: exit
2024/11/05 12:26:57 [notice] 40#40: exit
2024/11/05 12:26:57 [notice] 42#42: exit
2024/11/05 12:26:57 [notice] 45#45: exit
2024/11/05 12:26:57 [notice] 46#46: exit
2024/11/05 12:26:57 [notice] 44#44: exit
2024/11/05 12:26:57 [notice] 43#43: exit
2024/11/05 12:26:57 [notice] 38#38: exit
2024/11/05 12:26:57 [notice] 36#36: exit
2024/11/05 12:26:57 [notice] 41#41: exit
2024/11/05 12:26:57 [notice] 32#32: exit
2024/11/05 12:26:57 [notice] 1#1: signal 17 (SIGCHLD) received from 29
2024/11/05 12:26:57 [notice] 1#1: worker process 28 exited with code 0
2024/11/05 12:26:57 [notice] 1#1: worker process 29 exited with code 0
2024/11/05 12:26:57 [notice] 1#1: worker process 30 exited with code 0
2024/11/05 12:26:57 [notice] 1#1: worker process 31 exited with code 0
2024/11/05 12:26:57 [notice] 1#1: worker process 33 exited with code 0
2024/11/05 12:26:57 [notice] 1#1: worker process 34 exited with code 0
2024/11/05 12:26:57 [notice] 1#1: worker process 35 exited with code 0
2024/11/05 12:26:57 [notice] 1#1: worker process 37 exited with code 0
2024/11/05 12:26:57 [notice] 1#1: worker process 38 exited with code 0
2024/11/05 12:26:57 [notice] 1#1: worker process 39 exited with code 0
2024/11/05 12:26:57 [notice] 1#1: worker process 41 exited with code 0
2024/11/05 12:26:57 [notice] 1#1: worker process 43 exited with code 0
2024/11/05 12:26:57 [notice] 1#1: worker process 44 exited with code 0
2024/11/05 12:26:57 [notice] 1#1: worker process 45 exited with code 0
2024/11/05 12:26:57 [notice] 1#1: worker process 46 exited with code 0
2024/11/05 12:26:57 [notice] 1#1: worker process 47 exited with code 0
2024/11/05 12:26:57 [notice] 1#1: signal 29 (SIGIO) received
2024/11/05 12:26:57 [notice] 1#1: signal 17 (SIGCHLD) received from 46
2024/11/05 12:26:57 [notice] 1#1: signal 17 (SIGCHLD) received from 32
2024/11/05 12:26:57 [notice] 1#1: worker process 32 exited with code 0
2024/11/05 12:26:57 [notice] 1#1: signal 29 (SIGIO) received
2024/11/05 12:26:57 [notice] 1#1: signal 17 (SIGCHLD) received from 36
2024/11/05 12:26:57 [notice] 1#1: worker process 36 exited with code 0
2024/11/05 12:26:57 [notice] 1#1: worker process 40 exited with code 0
2024/11/05 12:26:57 [notice] 1#1: worker process 42 exited with code 0
2024/11/05 12:26:57 [notice] 1#1: exit
2024/11/05 12:27:01 [notice] 1#1: using the "epoll" event method
2024/11/05 12:27:01 [notice] 1#1: nginx/1.27.2
2024/11/05 12:27:01 [notice] 1#1: built by gcc 12.2.0 (Debian 12.2.0-14) 
2024/11/05 12:27:01 [notice] 1#1: OS: Linux 5.15.153.1-microsoft-standard-WSL2
2024/11/05 12:27:01 [notice] 1#1: getrlimit(RLIMIT_NOFILE): 1048576:1048576
2024/11/05 12:27:01 [notice] 1#1: start worker processes
2024/11/05 12:27:01 [notice] 1#1: start worker process 28
2024/11/05 12:27:01 [notice] 1#1: start worker process 29
2024/11/05 12:27:01 [notice] 1#1: start worker process 30
2024/11/05 12:27:01 [notice] 1#1: start worker process 31
2024/11/05 12:27:01 [notice] 1#1: start worker process 32
2024/11/05 12:27:01 [notice] 1#1: start worker process 33
2024/11/05 12:27:01 [notice] 1#1: start worker process 34
2024/11/05 12:27:01 [notice] 1#1: start worker process 35
2024/11/05 12:27:01 [notice] 1#1: start worker process 36
2024/11/05 12:27:01 [notice] 1#1: start worker process 37
2024/11/05 12:27:01 [notice] 1#1: start worker process 38
2024/11/05 12:27:01 [notice] 1#1: start worker process 39
2024/11/05 12:27:01 [notice] 1#1: start worker process 40
2024/11/05 12:27:01 [notice] 1#1: start worker process 41
2024/11/05 12:27:01 [notice] 1#1: start worker process 42
2024/11/05 12:27:01 [notice] 1#1: start worker process 43
2024/11/05 12:27:01 [notice] 1#1: start worker process 44
2024/11/05 12:27:01 [notice] 1#1: start worker process 45
2024/11/05 12:27:01 [notice] 1#1: start worker process 46
2024/11/05 12:27:01 [notice] 1#1: start worker process 47
2024/11/05 12:27:06 [notice] 1#1: signal 3 (SIGQUIT) received, shutting down
2024/11/05 12:27:06 [notice] 28#28: gracefully shutting down
2024/11/05 12:27:06 [notice] 45#45: gracefully shutting down
2024/11/05 12:27:06 [notice] 29#29: gracefully shutting down
2024/11/05 12:27:06 [notice] 29#29: exiting
2024/11/05 12:27:06 [notice] 30#30: gracefully shutting down
2024/11/05 12:27:06 [notice] 31#31: gracefully shutting down
2024/11/05 12:27:06 [notice] 32#32: gracefully shutting down
2024/11/05 12:27:06 [notice] 33#33: gracefully shutting down
2024/11/05 12:27:06 [notice] 34#34: gracefully shutting down
2024/11/05 12:27:06 [notice] 35#35: gracefully shutting down
2024/11/05 12:27:06 [notice] 36#36: gracefully shutting down
2024/11/05 12:27:06 [notice] 36#36: exiting
2024/11/05 12:27:06 [notice] 37#37: gracefully shutting down
2024/11/05 12:27:06 [notice] 38#38: gracefully shutting down
2024/11/05 12:27:06 [notice] 39#39: gracefully shutting down
2024/11/05 12:27:06 [notice] 40#40: gracefully shutting down
2024/11/05 12:27:06 [notice] 41#41: gracefully shutting down
2024/11/05 12:27:06 [notice] 43#43: gracefully shutting down
2024/11/05 12:27:06 [notice] 42#42: gracefully shutting down
2024/11/05 12:27:06 [notice] 44#44: gracefully shutting down
2024/11/05 12:27:06 [notice] 46#46: gracefully shutting down
2024/11/05 12:27:06 [notice] 47#47: gracefully shutting down
2024/11/05 12:27:06 [notice] 28#28: exiting
2024/11/05 12:27:06 [notice] 45#45: exiting
2024/11/05 12:27:06 [notice] 29#29: exit
2024/11/05 12:27:06 [notice] 30#30: exiting
2024/11/05 12:27:06 [notice] 31#31: exiting
2024/11/05 12:27:06 [notice] 32#32: exiting
2024/11/05 12:27:06 [notice] 33#33: exiting
2024/11/05 12:27:06 [notice] 34#34: exiting
2024/11/05 12:27:06 [notice] 35#35: exiting
2024/11/05 12:27:06 [notice] 36#36: exit
2024/11/05 12:27:06 [notice] 37#37: exiting
2024/11/05 12:27:06 [notice] 38#38: exiting
2024/11/05 12:27:06 [notice] 39#39: exiting
2024/11/05 12:27:06 [notice] 40#40: exiting
2024/11/05 12:27:06 [notice] 41#41: exiting
2024/11/05 12:27:06 [notice] 43#43: exiting
2024/11/05 12:27:06 [notice] 42#42: exiting
2024/11/05 12:27:06 [notice] 43#43: exit
2024/11/05 12:27:06 [notice] 44#44: exiting
2024/11/05 12:27:06 [notice] 46#46: exiting
2024/11/05 12:27:06 [notice] 47#47: exiting
2024/11/05 12:27:06 [notice] 28#28: exit
2024/11/05 12:27:06 [notice] 45#45: exit
2024/11/05 12:27:06 [notice] 30#30: exit
2024/11/05 12:27:06 [notice] 31#31: exit
2024/11/05 12:27:06 [notice] 32#32: exit
2024/11/05 12:27:06 [notice] 33#33: exit
2024/11/05 12:27:06 [notice] 34#34: exit
2024/11/05 12:27:06 [notice] 35#35: exit
2024/11/05 12:27:06 [notice] 37#37: exit
2024/11/05 12:27:06 [notice] 38#38: exit
2024/11/05 12:27:06 [notice] 39#39: exit
2024/11/05 12:27:06 [notice] 40#40: exit
2024/11/05 12:27:06 [notice] 41#41: exit
2024/11/05 12:27:06 [notice] 42#42: exit
2024/11/05 12:27:06 [notice] 44#44: exit
2024/11/05 12:27:06 [notice] 46#46: exit
2024/11/05 12:27:06 [notice] 47#47: exit
2024/11/05 12:27:06 [notice] 1#1: signal 17 (SIGCHLD) received from 31
2024/11/05 12:27:06 [notice] 1#1: worker process 31 exited with code 0
2024/11/05 12:27:06 [notice] 1#1: worker process 34 exited with code 0
2024/11/05 12:27:06 [notice] 1#1: worker process 35 exited with code 0
2024/11/05 12:27:06 [notice] 1#1: signal 29 (SIGIO) received
2024/11/05 12:27:06 [notice] 1#1: signal 17 (SIGCHLD) received from 35
2024/11/05 12:27:06 [notice] 1#1: signal 17 (SIGCHLD) received from 36
2024/11/05 12:27:06 [notice] 1#1: worker process 28 exited with code 0
2024/11/05 12:27:06 [notice] 1#1: worker process 29 exited with code 0
2024/11/05 12:27:06 [notice] 1#1: worker process 32 exited with code 0
2024/11/05 12:27:06 [notice] 1#1: worker process 33 exited with code 0
2024/11/05 12:27:06 [notice] 1#1: worker process 36 exited with code 0
2024/11/05 12:27:06 [notice] 1#1: worker process 37 exited with code 0
2024/11/05 12:27:06 [notice] 1#1: worker process 39 exited with code 0
2024/11/05 12:27:06 [notice] 1#1: worker process 40 exited with code 0
2024/11/05 12:27:06 [notice] 1#1: worker process 41 exited with code 0
2024/11/05 12:27:06 [notice] 1#1: worker process 42 exited with code 0
2024/11/05 12:27:06 [notice] 1#1: worker process 43 exited with code 0
2024/11/05 12:27:06 [notice] 1#1: worker process 44 exited with code 0
2024/11/05 12:27:06 [notice] 1#1: worker process 45 exited with code 0
2024/11/05 12:27:06 [notice] 1#1: worker process 46 exited with code 0
2024/11/05 12:27:06 [notice] 1#1: signal 29 (SIGIO) received
2024/11/05 12:27:06 [notice] 1#1: signal 17 (SIGCHLD) received from 32
2024/11/05 12:27:06 [notice] 1#1: signal 17 (SIGCHLD) received from 47
2024/11/05 12:27:06 [notice] 1#1: worker process 30 exited with code 0
2024/11/05 12:27:06 [notice] 1#1: worker process 38 exited with code 0
2024/11/05 12:27:06 [notice] 1#1: worker process 47 exited with code 0
2024/11/05 12:27:06 [notice] 1#1: exit
2024/11/05 12:27:16 [notice] 1#1: using the "epoll" event method
2024/11/05 12:27:16 [notice] 1#1: nginx/1.27.2
2024/11/05 12:27:16 [notice] 1#1: built by gcc 12.2.0 (Debian 12.2.0-14) 
2024/11/05 12:27:16 [notice] 1#1: OS: Linux 5.15.153.1-microsoft-standard-WSL2
2024/11/05 12:27:16 [notice] 1#1: getrlimit(RLIMIT_NOFILE): 1048576:1048576
2024/11/05 12:27:16 [notice] 1#1: start worker processes
2024/11/05 12:27:16 [notice] 1#1: start worker process 28
2024/11/05 12:27:16 [notice] 1#1: start worker process 29
2024/11/05 12:27:16 [notice] 1#1: start worker process 30
2024/11/05 12:27:16 [notice] 1#1: start worker process 31
2024/11/05 12:27:16 [notice] 1#1: start worker process 32
2024/11/05 12:27:16 [notice] 1#1: start worker process 33
2024/11/05 12:27:16 [notice] 1#1: start worker process 34
2024/11/05 12:27:16 [notice] 1#1: start worker process 35
2024/11/05 12:27:16 [notice] 1#1: start worker process 36
2024/11/05 12:27:16 [notice] 1#1: start worker process 37
2024/11/05 12:27:16 [notice] 1#1: start worker process 38
2024/11/05 12:27:16 [notice] 1#1: start worker process 39
2024/11/05 12:27:16 [notice] 1#1: start worker process 40
2024/11/05 12:27:16 [notice] 1#1: start worker process 41
2024/11/05 12:27:16 [notice] 1#1: start worker process 42
2024/11/05 12:27:16 [notice] 1#1: start worker process 43
2024/11/05 12:27:16 [notice] 1#1: start worker process 44
2024/11/05 12:27:16 [notice] 1#1: start worker process 45
2024/11/05 12:27:16 [notice] 1#1: start worker process 46
2024/11/05 12:27:16 [notice] 1#1: start worker process 47
2024/11/05 12:27:18 [notice] 1#1: signal 3 (SIGQUIT) received, shutting down
2024/11/05 12:27:18 [notice] 28#28: gracefully shutting down
2024/11/05 12:27:18 [notice] 29#29: gracefully shutting down
2024/11/05 12:27:18 [notice] 30#30: gracefully shutting down
2024/11/05 12:27:18 [notice] 32#32: gracefully shutting down
2024/11/05 12:27:18 [notice] 31#31: gracefully shutting down
2024/11/05 12:27:18 [notice] 33#33: gracefully shutting down
2024/11/05 12:27:18 [notice] 34#34: gracefully shutting down
2024/11/05 12:27:18 [notice] 35#35: gracefully shutting down
2024/11/05 12:27:18 [notice] 36#36: gracefully shutting down
2024/11/05 12:27:18 [notice] 37#37: gracefully shutting down
2024/11/05 12:27:18 [notice] 39#39: gracefully shutting down
2024/11/05 12:27:18 [notice] 38#38: gracefully shutting down
2024/11/05 12:27:18 [notice] 40#40: gracefully shutting down
2024/11/05 12:27:18 [notice] 41#41: gracefully shutting down
2024/11/05 12:27:18 [notice] 43#43: gracefully shutting down
2024/11/05 12:27:18 [notice] 44#44: gracefully shutting down
2024/11/05 12:27:18 [notice] 45#45: gracefully shutting down
2024/11/05 12:27:18 [notice] 46#46: gracefully shutting down
2024/11/05 12:27:18 [notice] 47#47: gracefully shutting down
2024/11/05 12:27:18 [notice] 28#28: exiting
2024/11/05 12:27:18 [notice] 28#28: exit
2024/11/05 12:27:18 [notice] 42#42: gracefully shutting down
2024/11/05 12:27:18 [notice] 29#29: exiting
2024/11/05 12:27:18 [notice] 30#30: exiting
2024/11/05 12:27:18 [notice] 32#32: exiting
2024/11/05 12:27:18 [notice] 31#31: exiting
2024/11/05 12:27:18 [notice] 33#33: exiting
2024/11/05 12:27:18 [notice] 34#34: exiting
2024/11/05 12:27:18 [notice] 35#35: exiting
2024/11/05 12:27:18 [notice] 36#36: exiting
2024/11/05 12:27:18 [notice] 37#37: exiting
2024/11/05 12:27:18 [notice] 39#39: exiting
2024/11/05 12:27:18 [notice] 38#38: exiting
2024/11/05 12:27:18 [notice] 40#40: exiting
2024/11/05 12:27:18 [notice] 41#41: exiting
2024/11/05 12:27:18 [notice] 43#43: exiting
2024/11/05 12:27:18 [notice] 44#44: exiting
2024/11/05 12:27:18 [notice] 44#44: exit
2024/11/05 12:27:18 [notice] 45#45: exiting
2024/11/05 12:27:18 [notice] 46#46: exiting
2024/11/05 12:27:18 [notice] 47#47: exiting
2024/11/05 12:27:18 [notice] 42#42: exiting
2024/11/05 12:27:18 [notice] 29#29: exit
2024/11/05 12:27:18 [notice] 30#30: exit
2024/11/05 12:27:18 [notice] 32#32: exit
2024/11/05 12:27:18 [notice] 31#31: exit
2024/11/05 12:27:18 [notice] 33#33: exit
2024/11/05 12:27:18 [notice] 34#34: exit
2024/11/05 12:27:18 [notice] 35#35: exit
2024/11/05 12:27:18 [notice] 36#36: exit
2024/11/05 12:27:18 [notice] 37#37: exit
2024/11/05 12:27:18 [notice] 39#39: exit
2024/11/05 12:27:18 [notice] 38#38: exit
2024/11/05 12:27:18 [notice] 40#40: exit
2024/11/05 12:27:18 [notice] 41#41: exit
2024/11/05 12:27:18 [notice] 43#43: exit
2024/11/05 12:27:18 [notice] 45#45: exit
2024/11/05 12:27:18 [notice] 46#46: exit
2024/11/05 12:27:18 [notice] 47#47: exit
2024/11/05 12:27:18 [notice] 42#42: exit
2024/11/05 12:27:18 [notice] 1#1: signal 17 (SIGCHLD) received from 28
2024/11/05 12:27:18 [notice] 1#1: worker process 28 exited with code 0
2024/11/05 12:27:18 [notice] 1#1: worker process 32 exited with code 0
2024/11/05 12:27:18 [notice] 1#1: worker process 35 exited with code 0
2024/11/05 12:27:18 [notice] 1#1: worker process 36 exited with code 0
2024/11/05 12:27:18 [notice] 1#1: signal 29 (SIGIO) received
2024/11/05 12:27:18 [notice] 1#1: signal 17 (SIGCHLD) received from 42
2024/11/05 12:27:18 [notice] 1#1: worker process 42 exited with code 0
2024/11/05 12:27:18 [notice] 1#1: signal 29 (SIGIO) received
2024/11/05 12:27:18 [notice] 1#1: signal 17 (SIGCHLD) received from 43
2024/11/05 12:27:18 [notice] 1#1: worker process 31 exited with code 0
2024/11/05 12:27:18 [notice] 1#1: worker process 33 exited with code 0
2024/11/05 12:27:18 [notice] 1#1: worker process 34 exited with code 0
2024/11/05 12:27:18 [notice] 1#1: worker process 43 exited with code 0
2024/11/05 12:27:18 [notice] 1#1: signal 29 (SIGIO) received
2024/11/05 12:27:18 [notice] 1#1: signal 17 (SIGCHLD) received from 34
2024/11/05 12:27:18 [notice] 1#1: signal 17 (SIGCHLD) received from 45
2024/11/05 12:27:18 [notice] 1#1: worker process 29 exited with code 0
2024/11/05 12:27:18 [notice] 1#1: worker process 38 exited with code 0
2024/11/05 12:27:18 [notice] 1#1: worker process 41 exited with code 0
2024/11/05 12:27:18 [notice] 1#1: worker process 45 exited with code 0
2024/11/05 12:27:18 [notice] 1#1: signal 29 (SIGIO) received
2024/11/05 12:27:18 [notice] 1#1: signal 17 (SIGCHLD) received from 40
2024/11/05 12:27:18 [notice] 1#1: worker process 37 exited with code 0
2024/11/05 12:27:18 [notice] 1#1: worker process 40 exited with code 0
2024/11/05 12:27:18 [notice] 1#1: worker process 46 exited with code 0
2024/11/05 12:27:18 [notice] 1#1: worker process 47 exited with code 0
2024/11/05 12:27:18 [notice] 1#1: signal 29 (SIGIO) received
2024/11/05 12:27:18 [notice] 1#1: signal 17 (SIGCHLD) received from 44
2024/11/05 12:27:18 [notice] 1#1: worker process 30 exited with code 0
2024/11/05 12:27:18 [notice] 1#1: worker process 39 exited with code 0
2024/11/05 12:27:18 [notice] 1#1: worker process 44 exited with code 0
2024/11/05 12:27:18 [notice] 1#1: exit
